{"/Users/cyc10/Documents/GitHub/repo-collector/repo-collector/src/Result.tsx": {"path":"/Users/cyc10/Documents/GitHub/repo-collector/repo-collector/src/Result.tsx","statementMap":{"0":{"start":{"line":12,"column":17},"end":{"line":12,"column":77}},"1":{"start":{"line":14,"column":2},"end":{"line":30,"column":3}}},"fnMap":{"0":{"name":"Result","decl":{"start":{"line":10,"column":24},"end":{"line":10,"column":30}},"loc":{"start":{"line":10,"column":70},"end":{"line":31,"column":1}},"line":10}},"branchMap":{"0":{"loc":{"start":{"line":12,"column":17},"end":{"line":12,"column":77}},"type":"cond-expr","locations":[{"start":{"line":12,"column":28},"end":{"line":12,"column":48}},{"start":{"line":12,"column":51},"end":{"line":12,"column":77}}],"line":12},"1":{"loc":{"start":{"line":16,"column":7},"end":{"line":27,"column":16}},"type":"cond-expr","locations":[{"start":{"line":17,"column":8},"end":{"line":17,"column":40}},{"start":{"line":19,"column":8},"end":{"line":27,"column":16}}],"line":16}},"s":{"0":1,"1":1},"f":{"0":1},"b":{"0":[1,0],"1":[0,1]},"_coverageSchema":"1a1c01bbd47fc00a2c39e90264f33305004495a9","hash":"77c1e35bb22bbfc9ddad5d0f6a3aec1072a9ff87"}
,"/Users/cyc10/Documents/GitHub/repo-collector/repo-collector/src/utils/githubUtils.ts": {"path":"/Users/cyc10/Documents/GitHub/repo-collector/repo-collector/src/utils/githubUtils.ts","statementMap":{"0":{"start":{"line":4,"column":28},"end":{"line":4,"column":49}},"1":{"start":{"line":5,"column":31},"end":{"line":5,"column":56}},"2":{"start":{"line":7,"column":30},"end":{"line":20,"column":1}},"3":{"start":{"line":8,"column":16},"end":{"line":8,"column":48}},"4":{"start":{"line":9,"column":2},"end":{"line":9,"column":46}},"5":{"start":{"line":10,"column":19},"end":{"line":10,"column":37}},"6":{"start":{"line":12,"column":2},"end":{"line":19,"column":3}},"7":{"start":{"line":14,"column":6},"end":{"line":14,"column":20}},"8":{"start":{"line":16,"column":6},"end":{"line":16,"column":20}},"9":{"start":{"line":18,"column":6},"end":{"line":18,"column":20}},"10":{"start":{"line":22,"column":35},"end":{"line":36,"column":1}},"11":{"start":{"line":23,"column":15},"end":{"line":23,"column":34}},"12":{"start":{"line":24,"column":16},"end":{"line":24,"column":48}},"13":{"start":{"line":25,"column":2},"end":{"line":25,"column":46}},"14":{"start":{"line":26,"column":19},"end":{"line":26,"column":37}},"15":{"start":{"line":28,"column":2},"end":{"line":35,"column":3}},"16":{"start":{"line":30,"column":6},"end":{"line":30,"column":25}},"17":{"start":{"line":32,"column":6},"end":{"line":32,"column":25}},"18":{"start":{"line":34,"column":6},"end":{"line":34,"column":43}},"19":{"start":{"line":38,"column":31},"end":{"line":42,"column":1}},"20":{"start":{"line":39,"column":18},"end":{"line":39,"column":47}},"21":{"start":{"line":40,"column":19},"end":{"line":40,"column":37}},"22":{"start":{"line":41,"column":2},"end":{"line":41,"column":21}},"23":{"start":{"line":44,"column":32},"end":{"line":48,"column":1}},"24":{"start":{"line":45,"column":18},"end":{"line":45,"column":47}},"25":{"start":{"line":46,"column":19},"end":{"line":46,"column":37}},"26":{"start":{"line":47,"column":2},"end":{"line":47,"column":21}},"27":{"start":{"line":50,"column":30},"end":{"line":68,"column":1}},"28":{"start":{"line":59,"column":2},"end":{"line":59,"column":84}},"29":{"start":{"line":59,"column":71},"end":{"line":59,"column":84}},"30":{"start":{"line":62,"column":17},"end":{"line":62,"column":43}},"31":{"start":{"line":67,"column":2},"end":{"line":67,"column":27}},"32":{"start":{"line":71,"column":34},"end":{"line":74,"column":1}},"33":{"start":{"line":72,"column":18},"end":{"line":72,"column":64}},"34":{"start":{"line":73,"column":2},"end":{"line":73,"column":32}},"35":{"start":{"line":76,"column":37},"end":{"line":81,"column":1}},"36":{"start":{"line":77,"column":20},"end":{"line":77,"column":52}},"37":{"start":{"line":78,"column":2},"end":{"line":78,"column":54}},"38":{"start":{"line":79,"column":2},"end":{"line":79,"column":57}},"39":{"start":{"line":80,"column":2},"end":{"line":80,"column":21}}},"fnMap":{"0":{"name":"(anonymous_0)","decl":{"start":{"line":7,"column":30},"end":{"line":7,"column":31}},"loc":{"start":{"line":7,"column":62},"end":{"line":20,"column":1}},"line":7},"1":{"name":"(anonymous_1)","decl":{"start":{"line":22,"column":35},"end":{"line":22,"column":36}},"loc":{"start":{"line":22,"column":52},"end":{"line":36,"column":1}},"line":22},"2":{"name":"(anonymous_2)","decl":{"start":{"line":38,"column":31},"end":{"line":38,"column":32}},"loc":{"start":{"line":38,"column":48},"end":{"line":42,"column":1}},"line":38},"3":{"name":"(anonymous_3)","decl":{"start":{"line":44,"column":32},"end":{"line":44,"column":33}},"loc":{"start":{"line":44,"column":49},"end":{"line":48,"column":1}},"line":44},"4":{"name":"(anonymous_4)","decl":{"start":{"line":50,"column":30},"end":{"line":50,"column":31}},"loc":{"start":{"line":50,"column":48},"end":{"line":68,"column":1}},"line":50},"5":{"name":"(anonymous_5)","decl":{"start":{"line":71,"column":34},"end":{"line":71,"column":35}},"loc":{"start":{"line":71,"column":54},"end":{"line":74,"column":1}},"line":71},"6":{"name":"(anonymous_6)","decl":{"start":{"line":76,"column":37},"end":{"line":76,"column":38}},"loc":{"start":{"line":76,"column":54},"end":{"line":81,"column":1}},"line":76}},"branchMap":{"0":{"loc":{"start":{"line":12,"column":2},"end":{"line":19,"column":3}},"type":"switch","locations":[{"start":{"line":13,"column":4},"end":{"line":14,"column":20}},{"start":{"line":15,"column":4},"end":{"line":16,"column":20}},{"start":{"line":17,"column":4},"end":{"line":18,"column":20}}],"line":12},"1":{"loc":{"start":{"line":28,"column":2},"end":{"line":35,"column":3}},"type":"switch","locations":[{"start":{"line":29,"column":4},"end":{"line":30,"column":25}},{"start":{"line":31,"column":4},"end":{"line":32,"column":25}},{"start":{"line":33,"column":4},"end":{"line":34,"column":43}}],"line":28},"2":{"loc":{"start":{"line":59,"column":2},"end":{"line":59,"column":84}},"type":"if","locations":[{"start":{"line":59,"column":2},"end":{"line":59,"column":84}},{"start":{},"end":{}}],"line":59},"3":{"loc":{"start":{"line":59,"column":6},"end":{"line":59,"column":69}},"type":"binary-expr","locations":[{"start":{"line":59,"column":6},"end":{"line":59,"column":36}},{"start":{"line":59,"column":40},"end":{"line":59,"column":69}}],"line":59}},"s":{"0":2,"1":2,"2":2,"3":3,"4":3,"5":3,"6":3,"7":0,"8":2,"9":1,"10":2,"11":1,"12":1,"13":1,"14":1,"15":1,"16":0,"17":1,"18":0,"19":2,"20":0,"21":0,"22":0,"23":2,"24":0,"25":0,"26":0,"27":2,"28":0,"29":0,"30":0,"31":0,"32":2,"33":0,"34":0,"35":2,"36":0,"37":0,"38":0,"39":0},"f":{"0":3,"1":1,"2":0,"3":0,"4":0,"5":0,"6":0},"b":{"0":[0,2,1],"1":[0,1,0],"2":[0,0],"3":[0,0]},"_coverageSchema":"1a1c01bbd47fc00a2c39e90264f33305004495a9","hash":"44fdf7db25bab1f4723bba77c8cd05a6505c9ff3"}
}
