{"/Users/cyc10/Documents/GitHub/repo-collector/repo-collector/src/utils/githubUtils.ts": {"path":"/Users/cyc10/Documents/GitHub/repo-collector/repo-collector/src/utils/githubUtils.ts","statementMap":{"0":{"start":{"line":4,"column":28},"end":{"line":4,"column":49}},"1":{"start":{"line":5,"column":31},"end":{"line":5,"column":56}},"2":{"start":{"line":7,"column":30},"end":{"line":20,"column":1}},"3":{"start":{"line":8,"column":16},"end":{"line":8,"column":48}},"4":{"start":{"line":9,"column":2},"end":{"line":9,"column":46}},"5":{"start":{"line":10,"column":19},"end":{"line":10,"column":37}},"6":{"start":{"line":12,"column":2},"end":{"line":19,"column":3}},"7":{"start":{"line":14,"column":6},"end":{"line":14,"column":20}},"8":{"start":{"line":16,"column":6},"end":{"line":16,"column":20}},"9":{"start":{"line":18,"column":6},"end":{"line":18,"column":20}},"10":{"start":{"line":22,"column":35},"end":{"line":36,"column":1}},"11":{"start":{"line":23,"column":15},"end":{"line":23,"column":34}},"12":{"start":{"line":24,"column":16},"end":{"line":24,"column":48}},"13":{"start":{"line":25,"column":2},"end":{"line":25,"column":46}},"14":{"start":{"line":26,"column":19},"end":{"line":26,"column":37}},"15":{"start":{"line":28,"column":2},"end":{"line":35,"column":3}},"16":{"start":{"line":30,"column":6},"end":{"line":30,"column":25}},"17":{"start":{"line":32,"column":6},"end":{"line":32,"column":25}},"18":{"start":{"line":34,"column":6},"end":{"line":34,"column":43}},"19":{"start":{"line":38,"column":32},"end":{"line":42,"column":1}},"20":{"start":{"line":39,"column":18},"end":{"line":39,"column":47}},"21":{"start":{"line":40,"column":19},"end":{"line":40,"column":37}},"22":{"start":{"line":41,"column":2},"end":{"line":41,"column":21}},"23":{"start":{"line":44,"column":30},"end":{"line":62,"column":1}},"24":{"start":{"line":53,"column":2},"end":{"line":53,"column":84}},"25":{"start":{"line":53,"column":71},"end":{"line":53,"column":84}},"26":{"start":{"line":56,"column":17},"end":{"line":56,"column":43}},"27":{"start":{"line":61,"column":2},"end":{"line":61,"column":27}},"28":{"start":{"line":65,"column":34},"end":{"line":68,"column":1}},"29":{"start":{"line":66,"column":18},"end":{"line":66,"column":64}},"30":{"start":{"line":67,"column":2},"end":{"line":67,"column":32}},"31":{"start":{"line":70,"column":37},"end":{"line":75,"column":1}},"32":{"start":{"line":71,"column":20},"end":{"line":71,"column":52}},"33":{"start":{"line":72,"column":2},"end":{"line":72,"column":54}},"34":{"start":{"line":73,"column":2},"end":{"line":73,"column":57}},"35":{"start":{"line":74,"column":2},"end":{"line":74,"column":21}}},"fnMap":{"0":{"name":"(anonymous_0)","decl":{"start":{"line":7,"column":30},"end":{"line":7,"column":31}},"loc":{"start":{"line":7,"column":62},"end":{"line":20,"column":1}},"line":7},"1":{"name":"(anonymous_1)","decl":{"start":{"line":22,"column":35},"end":{"line":22,"column":36}},"loc":{"start":{"line":22,"column":52},"end":{"line":36,"column":1}},"line":22},"2":{"name":"(anonymous_2)","decl":{"start":{"line":38,"column":32},"end":{"line":38,"column":33}},"loc":{"start":{"line":38,"column":49},"end":{"line":42,"column":1}},"line":38},"3":{"name":"(anonymous_3)","decl":{"start":{"line":44,"column":30},"end":{"line":44,"column":31}},"loc":{"start":{"line":44,"column":48},"end":{"line":62,"column":1}},"line":44},"4":{"name":"(anonymous_4)","decl":{"start":{"line":65,"column":34},"end":{"line":65,"column":35}},"loc":{"start":{"line":65,"column":54},"end":{"line":68,"column":1}},"line":65},"5":{"name":"(anonymous_5)","decl":{"start":{"line":70,"column":37},"end":{"line":70,"column":38}},"loc":{"start":{"line":70,"column":54},"end":{"line":75,"column":1}},"line":70}},"branchMap":{"0":{"loc":{"start":{"line":12,"column":2},"end":{"line":19,"column":3}},"type":"switch","locations":[{"start":{"line":13,"column":4},"end":{"line":14,"column":20}},{"start":{"line":15,"column":4},"end":{"line":16,"column":20}},{"start":{"line":17,"column":4},"end":{"line":18,"column":20}}],"line":12},"1":{"loc":{"start":{"line":28,"column":2},"end":{"line":35,"column":3}},"type":"switch","locations":[{"start":{"line":29,"column":4},"end":{"line":30,"column":25}},{"start":{"line":31,"column":4},"end":{"line":32,"column":25}},{"start":{"line":33,"column":4},"end":{"line":34,"column":43}}],"line":28},"2":{"loc":{"start":{"line":53,"column":2},"end":{"line":53,"column":84}},"type":"if","locations":[{"start":{"line":53,"column":2},"end":{"line":53,"column":84}},{"start":{},"end":{}}],"line":53},"3":{"loc":{"start":{"line":53,"column":6},"end":{"line":53,"column":69}},"type":"binary-expr","locations":[{"start":{"line":53,"column":6},"end":{"line":53,"column":36}},{"start":{"line":53,"column":40},"end":{"line":53,"column":69}}],"line":53}},"s":{"0":2,"1":2,"2":2,"3":4,"4":4,"5":4,"6":4,"7":1,"8":2,"9":1,"10":2,"11":1,"12":1,"13":1,"14":1,"15":1,"16":0,"17":1,"18":0,"19":2,"20":1,"21":1,"22":1,"23":2,"24":24,"25":0,"26":24,"27":24,"28":2,"29":1,"30":1,"31":2,"32":1,"33":1,"34":1,"35":1},"f":{"0":4,"1":1,"2":1,"3":24,"4":1,"5":1},"b":{"0":[1,2,1],"1":[0,1,0],"2":[0,24],"3":[24,24]},"_coverageSchema":"1a1c01bbd47fc00a2c39e90264f33305004495a9","hash":"69f5fd01934dfd35b1b5c177ffba1d72f382d31a"}
}
