TN:
SF:src/Header.tsx
FN:9,Headers
FNF:1
FNH:1
FNDA:2,Headers
DA:10,2
LF:1
LH:1
BRDA:33,0,0,2
BRDA:33,0,1,2
BRF:2
BRH:2
end_of_record
TN:
SF:src/utils/githubUtils.ts
FN:7,(anonymous_0)
FN:22,(anonymous_1)
FN:38,(anonymous_2)
FN:44,(anonymous_3)
FN:50,(anonymous_4)
FN:71,(anonymous_5)
FN:76,(anonymous_6)
FNF:7
FNH:1
FNDA:2,(anonymous_0)
FNDA:0,(anonymous_1)
FNDA:0,(anonymous_2)
FNDA:0,(anonymous_3)
FNDA:0,(anonymous_4)
FNDA:0,(anonymous_5)
FNDA:0,(anonymous_6)
DA:4,1
DA:5,1
DA:7,1
DA:8,2
DA:9,2
DA:10,2
DA:12,2
DA:14,0
DA:16,1
DA:18,1
DA:22,1
DA:23,0
DA:24,0
DA:25,0
DA:26,0
DA:28,0
DA:30,0
DA:32,0
DA:34,0
DA:38,1
DA:39,0
DA:40,0
DA:41,0
DA:44,1
DA:45,0
DA:46,0
DA:47,0
DA:50,1
DA:59,0
DA:62,0
DA:67,0
DA:71,1
DA:72,0
DA:73,0
DA:76,1
DA:77,0
DA:78,0
DA:79,0
DA:80,0
LF:39
LH:15
BRDA:12,0,0,0
BRDA:12,0,1,1
BRDA:12,0,2,1
BRDA:28,1,0,0
BRDA:28,1,1,0
BRDA:28,1,2,0
BRDA:59,2,0,0
BRDA:59,2,1,0
BRDA:59,3,0,0
BRDA:59,3,1,0
BRF:10
BRH:2
end_of_record
