TN:
SF:src/utils/githubUtils.ts
FN:7,(anonymous_0)
FN:22,(anonymous_1)
FN:38,(anonymous_2)
FN:44,(anonymous_3)
FN:65,(anonymous_4)
FN:70,(anonymous_5)
FNF:6
FNH:6
FNDA:4,(anonymous_0)
FNDA:1,(anonymous_1)
FNDA:1,(anonymous_2)
FNDA:24,(anonymous_3)
FNDA:1,(anonymous_4)
FNDA:1,(anonymous_5)
DA:4,2
DA:5,2
DA:7,2
DA:8,4
DA:9,4
DA:10,4
DA:12,4
DA:14,1
DA:16,2
DA:18,1
DA:22,2
DA:23,1
DA:24,1
DA:25,1
DA:26,1
DA:28,1
DA:30,0
DA:32,1
DA:34,0
DA:38,2
DA:39,1
DA:40,1
DA:41,1
DA:44,2
DA:53,24
DA:56,24
DA:61,24
DA:65,2
DA:66,1
DA:67,1
DA:70,2
DA:71,1
DA:72,1
DA:73,1
DA:74,1
LF:35
LH:33
BRDA:12,0,0,1
BRDA:12,0,1,2
BRDA:12,0,2,1
BRDA:28,1,0,0
BRDA:28,1,1,1
BRDA:28,1,2,0
BRDA:53,2,0,0
BRDA:53,2,1,24
BRDA:53,3,0,24
BRDA:53,3,1,24
BRF:10
BRH:7
end_of_record
